{"/Users/andrew/developments/spotify-app/components/artist.js":{"path":"/Users/andrew/developments/spotify-app/components/artist.js","s":{"1":1,"2":1,"3":2,"4":2,"5":2,"6":1},"b":{"1":[0,2]},"f":{"1":2,"2":2},"fnMap":{"1":{"name":"render","line":16,"loc":{"start":{"line":16,"column":10},"end":{"line":16,"column":28}}},"2":{"name":"constructImageUrl","line":34,"loc":{"start":{"line":34,"column":21},"end":{"line":34,"column":50}}}},"statementMap":{"1":{"start":{"line":3,"column":0},"end":{"line":3,"column":29}},"2":{"start":{"line":10,"column":0},"end":{"line":38,"column":3}},"3":{"start":{"line":17,"column":4},"end":{"line":27,"column":6}},"4":{"start":{"line":35,"column":4},"end":{"line":35,"column":74}},"5":{"start":{"line":36,"column":4},"end":{"line":36,"column":15}},"6":{"start":{"line":40,"column":0},"end":{"line":40,"column":24}}},"branchMap":{"1":{"line":35,"type":"cond-expr","locations":[{"start":{"line":35,"column":33},"end":{"line":35,"column":64}},{"start":{"line":35,"column":67},"end":{"line":35,"column":73}}]}}}}